c:\ohjelmointi\projects\vs\airb\airb\bin\debug\x86\intermediate\vc140.pdb
c:\ohjelmointi\projects\vs\airb\airb\bin\debug\x86\intermediate\vc140.idb
c:\ohjelmointi\projects\vs\airb\airb\bin\debug\x86\intermediate\aftermatch_state.obj
c:\ohjelmointi\projects\vs\airb\airb\bin\debug\x86\intermediate\game.obj
c:\ohjelmointi\projects\vs\airb\airb\bin\debug\x86\intermediate\gameplay_state.obj
c:\ohjelmointi\projects\vs\airb\airb\bin\debug\x86\intermediate\lobby_state.obj
c:\ohjelmointi\projects\vs\airb\airb\bin\debug\x86\intermediate\state.obj
c:\ohjelmointi\projects\vs\airb\airb\bin\debug\x86\intermediate\title_state.obj
c:\ohjelmointi\projects\vs\airb\airb\bin\debug\x86\intermediate\main.obj
c:\ohjelmointi\projects\vs\airb\airb\bin\debug\x86\intermediate\general.obj
c:\ohjelmointi\projects\vs\airb\airb\bin\debug\x86\intermediate\box_collider.obj
c:\ohjelmointi\projects\vs\airb\airb\bin\debug\x86\intermediate\collision.obj
c:\ohjelmointi\projects\vs\airb\airb\bin\debug\x86\intermediate\rigid_body.obj
c:\ohjelmointi\projects\vs\airb\airb\bin\debug\x86\intermediate\rigid_body_with_collider.obj
c:\ohjelmointi\projects\vs\airb\airb\bin\debug\x86\intermediate\terrain_collision.obj
c:\ohjelmointi\projects\vs\airb\airb\bin\debug\x86\intermediate\button.obj
c:\ohjelmointi\projects\vs\airb\airb\bin\debug\x86\intermediate\font.obj
c:\ohjelmointi\projects\vs\airb\airb\bin\debug\x86\intermediate\font_renderer.obj
c:\ohjelmointi\projects\vs\airb\airb\bin\debug\x86\intermediate\scoreboard.obj
c:\ohjelmointi\projects\vs\airb\airb\bin\debug\x86\intermediate\file_io.obj
c:\ohjelmointi\projects\vs\airb\airb\bin\debug\x86\intermediate\font_holder.obj
c:\ohjelmointi\projects\vs\airb\airb\bin\debug\x86\intermediate\pool_object.obj
c:\ohjelmointi\projects\vs\airb\airb\bin\debug\x86\intermediate\level_terrain.obj
c:\ohjelmointi\projects\vs\airb\airb\bin\debug\x86\intermediate\plane.obj
c:\ohjelmointi\projects\vs\airb\airb\bin\debug\x86\intermediate\projectile.obj
c:\ohjelmointi\projects\vs\airb\airb\bin\debug\x86\intermediate\trajectory_projectile.obj
c:\ohjelmointi\projects\vs\airb\airb\bin\debug\x86\intermediate\weapon.obj
c:\ohjelmointi\projects\vs\airb\airb\bin\debug\x86\intermediate\freetype.obj
c:\ohjelmointi\projects\vs\airb\airb\bin\debug\x86\intermediate\glew.obj
c:\ohjelmointi\projects\vs\airb\airb\bin\debug\x86\intermediate\glfw.obj
c:\ohjelmointi\projects\vs\airb\airb\bin\debug\x86\intermediate\gorilla_audio.obj
c:\ohjelmointi\projects\vs\airb\airb\bin\debug\x86\intermediate\animated_sprite.obj
c:\ohjelmointi\projects\vs\airb\airb\bin\debug\x86\intermediate\batch_renderer.obj
c:\ohjelmointi\projects\vs\airb\airb\bin\debug\x86\intermediate\explosion.obj
c:\ohjelmointi\projects\vs\airb\airb\bin\debug\x86\intermediate\image.obj
c:\ohjelmointi\projects\vs\airb\airb\bin\debug\x86\intermediate\render_tools.obj
c:\ohjelmointi\projects\vs\airb\airb\bin\debug\x86\intermediate\shader.obj
c:\ohjelmointi\projects\vs\airb\airb\bin\debug\x86\intermediate\sprite.obj
c:\ohjelmointi\projects\vs\airb\airb\bin\debug\x86\intermediate\texture.obj
c:\ohjelmointi\projects\vs\airb\airb\bin\debug\x86\intermediate\window.obj
c:\ohjelmointi\projects\vs\airb\airb\bin\debug\x86\intermediate\keyboard.obj
c:\ohjelmointi\projects\vs\airb\airb\bin\debug\x86\intermediate\mouse.obj
c:\ohjelmointi\projects\vs\airb\airb\bin\debug\x86\intermediate\ai.obj
c:\ohjelmointi\projects\vs\airb\airb\bin\debug\x86\intermediate\attack_state.obj
c:\ohjelmointi\projects\vs\airb\airb\bin\debug\x86\intermediate\caught_state.obj
c:\ohjelmointi\projects\vs\airb\airb\bin\debug\x86\intermediate\idle_state.obj
c:\ohjelmointi\projects\vs\airb\airb\bin\debug\x86\intermediate\path_finding.obj
c:\ohjelmointi\projects\vs\airb\airb\bin\debug\x86\intermediate\patrol_state.obj
c:\ohjelmointi\projects\vs\airb\airb\bin\debug\x86\intermediate\search_node.obj
c:\ohjelmointi\projects\vs\airb\airb\bin\debug\x86\intermediate\manager.obj
c:\ohjelmointi\projects\vs\airb\airb\bin\debug\x86\intermediate\music.obj
c:\ohjelmointi\projects\vs\airb\airb\bin\debug\x86\intermediate\sound.obj
c:\ohjelmointi\projects\vs\airb\airb\bin\debug\x86\intermediate\ai_plane.obj
c:\ohjelmointi\projects\vs\airb\airb\bin\debug\x86\intermediate\basic_projectile.obj
c:\ohjelmointi\projects\vs\airb\airb\bin\debug\x86\intermediate\controllable_plane.obj
c:\ohjelmointi\projects\vs\airb\airb\bin\debug\x86\airb.ilk
c:\ohjelmointi\projects\vs\airb\airb\bin\debug\x86\airb.exe
c:\ohjelmointi\projects\vs\airb\airb\bin\debug\x86\airb.pdb
c:\ohjelmointi\projects\vs\airb\airb\\bin\debug\x86\airb.pdb
c:\ohjelmointi\projects\vs\airb\airb\\bin\debug\x86\airb.exe
c:\ohjelmointi\projects\vs\airb\airb\\bin\debug\x86\airb.ilk
c:\ohjelmointi\projects\vs\airb\airb\bin\debug\x86\intermediate\airb.tlog\cl.command.1.tlog
c:\ohjelmointi\projects\vs\airb\airb\bin\debug\x86\intermediate\airb.tlog\cl.read.1.tlog
c:\ohjelmointi\projects\vs\airb\airb\bin\debug\x86\intermediate\airb.tlog\cl.write.1.tlog
c:\ohjelmointi\projects\vs\airb\airb\bin\debug\x86\intermediate\airb.tlog\link.command.1.tlog
c:\ohjelmointi\projects\vs\airb\airb\bin\debug\x86\intermediate\airb.tlog\link.read.1.tlog
c:\ohjelmointi\projects\vs\airb\airb\bin\debug\x86\intermediate\airb.tlog\link.write.1.tlog
